<?xml version="1.0" encoding="UTF-8"?>
<!-- Generated by org.testng.reporters.JUnitReportReporter -->
<testsuite hostname="DESKTOP-DR8JI06" failures="0" tests="1" name="com.nest.tests.checkOrder" time="10.911" errors="0" timestamp="2024-10-08T23:08:25 IST" skipped="0">
  <testcase classname="com.nest.tests.checkOrder" name="placeOrder" time="10.911"/>
  <system-out/>
</testsuite> <!-- com.nest.tests.checkOrder -->
